<?xml version="1.0" encoding="UTF-8"?>
<coverage generated="1537786004911" clover="3.2.0">
  <project timestamp="1537786004911" name="All files">
    <metrics statements="55" coveredstatements="53" conditionals="65" coveredconditionals="56" methods="32" coveredmethods="29" elements="152" coveredelements="138" complexity="0" loc="55" ncloc="55" packages="2" files="8" classes="8">
      <package name="components">
        <metrics statements="3" coveredstatements="3" conditionals="0" coveredconditionals="0" methods="2" coveredmethods="2"/>
        <file name="app.js" path="/Users/joaosantos/workspace/preact-homepage-generator/src/components/app.js">
          <metrics statements="1" coveredstatements="1" conditionals="0" coveredconditionals="0" methods="1" coveredmethods="1"/>
          <line num="8" count="2" type="stmt"/>
        </file>
        <file name="icon.js" path="/Users/joaosantos/workspace/preact-homepage-generator/src/components/icon.js">
          <metrics statements="2" coveredstatements="2" conditionals="0" coveredconditionals="0" methods="1" coveredmethods="1"/>
          <line num="1" count="5" type="stmt"/>
          <line num="2" count="41" type="stmt"/>
        </file>
      </package>
      <package name="components.home">
        <metrics statements="52" coveredstatements="50" conditionals="65" coveredconditionals="56" methods="30" coveredmethods="27"/>
        <file name="experience.js" path="/Users/joaosantos/workspace/preact-homepage-generator/src/components/home/experience.js">
          <metrics statements="7" coveredstatements="7" conditionals="6" coveredconditionals="6" methods="7" coveredmethods="7"/>
          <line num="3" count="6" type="stmt"/>
          <line num="7" count="2" type="stmt"/>
          <line num="9" count="2" type="stmt"/>
          <line num="26" count="6" type="stmt"/>
          <line num="29" count="7" type="cond" truecount="2" falsecount="0"/>
          <line num="37" count="8" type="stmt"/>
          <line num="44" count="10" type="stmt"/>
        </file>
        <file name="footer.js" path="/Users/joaosantos/workspace/preact-homepage-generator/src/components/home/footer.js">
          <metrics statements="3" coveredstatements="3" conditionals="4" coveredconditionals="4" methods="3" coveredmethods="3"/>
          <line num="7" count="2" type="stmt"/>
          <line num="17" count="6" type="stmt"/>
          <line num="24" count="6" type="cond" truecount="2" falsecount="0"/>
        </file>
        <file name="header.js" path="/Users/joaosantos/workspace/preact-homepage-generator/src/components/home/header.js">
          <metrics statements="27" coveredstatements="25" conditionals="29" coveredconditionals="20" methods="7" coveredmethods="6"/>
          <line num="3" count="3" type="stmt"/>
          <line num="5" count="3" type="stmt"/>
          <line num="6" count="1" type="cond" truecount="2" falsecount="3"/>
          <line num="7" count="1" type="cond" truecount="3" falsecount="1"/>
          <line num="9" count="1" type="stmt"/>
          <line num="12" count="3" type="cond" truecount="0" falsecount="2"/>
          <line num="14" count="2" type="stmt"/>
          <line num="15" count="12" type="cond" truecount="2" falsecount="0"/>
          <line num="16" count="2" type="stmt"/>
          <line num="17" count="2" type="stmt"/>
          <line num="20" count="12" type="stmt"/>
          <line num="22" count="2" type="cond" truecount="2" falsecount="0"/>
          <line num="23" count="1" type="stmt"/>
          <line num="24" count="1" type="cond" truecount="3" falsecount="1"/>
          <line num="25" count="1" type="stmt"/>
          <line num="28" count="1" type="stmt"/>
          <line num="31" count="2" type="stmt"/>
          <line num="34" count="3" type="stmt"/>
          <line num="36" count="1" type="cond" truecount="1" falsecount="1"/>
          <line num="37" count="0" type="stmt"/>
          <line num="38" count="0" type="stmt"/>
          <line num="40" count="1" type="stmt"/>
          <line num="43" count="1" type="cond" truecount="1" falsecount="1"/>
          <line num="44" count="1" type="stmt"/>
          <line num="50" count="3" type="stmt"/>
          <line num="52" count="3" type="cond" truecount="4" falsecount="0"/>
          <line num="56" count="3" type="stmt"/>
        </file>
        <file name="index.js" path="/Users/joaosantos/workspace/preact-homepage-generator/src/components/home/index.js">
          <metrics statements="2" coveredstatements="2" conditionals="10" coveredconditionals="10" methods="4" coveredmethods="2"/>
          <line num="16" count="1" type="stmt"/>
          <line num="20" count="1" type="stmt"/>
        </file>
        <file name="profile.js" path="/Users/joaosantos/workspace/preact-homepage-generator/src/components/home/profile.js">
          <metrics statements="8" coveredstatements="8" conditionals="12" coveredconditionals="12" methods="4" coveredmethods="4"/>
          <line num="5" count="4" type="stmt"/>
          <line num="6" count="4" type="cond" truecount="4" falsecount="0"/>
          <line num="7" count="2" type="stmt"/>
          <line num="8" count="2" type="stmt"/>
          <line num="10" count="1" type="stmt"/>
          <line num="11" count="2" type="stmt"/>
          <line num="12" count="2" type="stmt"/>
          <line num="16" count="4" type="stmt"/>
        </file>
        <file name="skills.js" path="/Users/joaosantos/workspace/preact-homepage-generator/src/components/home/skills.js">
          <metrics statements="5" coveredstatements="5" conditionals="4" coveredconditionals="4" methods="5" coveredmethods="5"/>
          <line num="7" count="57" type="stmt"/>
          <line num="8" count="12" type="stmt"/>
          <line num="10" count="12" type="stmt"/>
          <line num="28" count="7" type="stmt"/>
          <line num="35" count="16" type="cond" truecount="2" falsecount="0"/>
        </file>
      </package>
    </metrics>
  </project>
</coverage>
