TN:
SF:/Users/joaosantos/workspace/preact-homepage-generator/src/components/app.js
FN:7,(anonymous_0)
FNF:1
FNH:1
FNDA:2,(anonymous_0)
DA:8,2
LF:1
LH:1
BRF:0
BRH:0
end_of_record
TN:
SF:/Users/joaosantos/workspace/preact-homepage-generator/src/components/icon.js
FN:1,(anonymous_0)
FNF:1
FNH:1
FNDA:41,(anonymous_0)
DA:1,5
DA:2,41
LF:2
LH:2
BRF:0
BRH:0
end_of_record
TN:
SF:/Users/joaosantos/workspace/preact-homepage-generator/src/components/home/experience.js
FN:3,(anonymous_0)
FN:3,(anonymous_1)
FN:6,(anonymous_2)
FN:25,(anonymous_3)
FN:29,(anonymous_4)
FN:36,(anonymous_5)
FN:43,(anonymous_6)
FNF:7
FNH:7
FNDA:3,(anonymous_0)
FNDA:6,(anonymous_1)
FNDA:2,(anonymous_2)
FNDA:6,(anonymous_3)
FNDA:7,(anonymous_4)
FNDA:8,(anonymous_5)
FNDA:10,(anonymous_6)
DA:3,6
DA:7,2
DA:9,2
DA:26,6
DA:29,7
DA:37,8
DA:44,10
LF:7
LH:7
BRDA:29,0,0,6
BRDA:29,0,1,4
BRDA:38,1,0,8
BRDA:38,1,1,7
BRDA:43,2,0,8
BRDA:43,2,1,5
BRF:6
BRH:6
end_of_record
TN:
SF:/Users/joaosantos/workspace/preact-homepage-generator/src/components/home/footer.js
FN:6,(anonymous_0)
FN:16,(anonymous_1)
FN:24,(anonymous_2)
FNF:3
FNH:3
FNDA:2,(anonymous_0)
FNDA:6,(anonymous_1)
FNDA:6,(anonymous_2)
DA:7,2
DA:17,6
DA:24,6
LF:3
LH:3
BRDA:18,0,0,6
BRDA:18,0,1,5
BRDA:24,1,0,6
BRDA:24,1,1,3
BRF:4
BRH:4
end_of_record
TN:
SF:/Users/joaosantos/workspace/preact-homepage-generator/src/components/home/header.js
FN:3,(anonymous_0)
FN:5,(anonymous_1)
FN:12,(anonymous_2)
FN:14,(anonymous_3)
FN:34,(anonymous_4)
FN:49,(anonymous_5)
FN:55,(anonymous_6)
FNF:7
FNH:6
FNDA:0,(anonymous_0)
FNDA:1,(anonymous_1)
FNDA:2,(anonymous_2)
FNDA:12,(anonymous_3)
FNDA:1,(anonymous_4)
FNDA:3,(anonymous_5)
FNDA:3,(anonymous_6)
DA:3,3
DA:5,3
DA:6,1
DA:7,1
DA:9,1
DA:12,3
DA:14,2
DA:15,12
DA:16,2
DA:17,2
DA:20,12
DA:22,2
DA:23,1
DA:24,1
DA:25,1
DA:28,1
DA:31,2
DA:34,3
DA:36,1
DA:37,0
DA:38,0
DA:40,1
DA:43,1
DA:44,1
DA:50,3
DA:52,3
DA:56,3
LF:27
LH:25
BRDA:6,0,0,1
BRDA:6,0,1,0
BRDA:6,1,0,1
BRDA:6,1,1,0
BRDA:6,1,2,0
BRDA:7,2,0,1
BRDA:7,2,1,0
BRDA:7,3,0,1
BRDA:7,3,1,1
BRDA:12,4,0,0
BRDA:12,5,0,0
BRDA:15,6,0,2
BRDA:15,6,1,10
BRDA:22,7,0,1
BRDA:22,7,1,1
BRDA:24,8,0,1
BRDA:24,8,1,0
BRDA:24,9,0,1
BRDA:24,9,1,1
BRDA:36,10,0,0
BRDA:36,10,1,1
BRDA:43,11,0,1
BRDA:43,11,1,0
BRDA:52,12,0,1
BRDA:52,12,1,2
BRDA:52,13,0,3
BRDA:52,13,1,2
BRDA:57,14,0,3
BRDA:57,14,1,2
BRF:29
BRH:20
end_of_record
TN:
SF:/Users/joaosantos/workspace/preact-homepage-generator/src/components/home/index.js
FN:15,(anonymous_0)
FN:16,(anonymous_1)
FN:16,(anonymous_2)
FN:19,(anonymous_3)
FNF:4
FNH:2
FNDA:1,(anonymous_0)
FNDA:0,(anonymous_1)
FNDA:0,(anonymous_2)
FNDA:1,(anonymous_3)
DA:16,1
DA:20,1
LF:2
LH:2
BRDA:22,0,0,1
BRDA:22,0,1,1
BRDA:23,1,0,1
BRDA:23,1,1,1
BRDA:24,2,0,1
BRDA:24,2,1,1
BRDA:25,3,0,1
BRDA:25,3,1,1
BRDA:26,4,0,1
BRDA:26,4,1,1
BRF:10
BRH:10
end_of_record
TN:
SF:/Users/joaosantos/workspace/preact-homepage-generator/src/components/home/profile.js
FN:4,(anonymous_0)
FN:7,(anonymous_1)
FN:8,(anonymous_2)
FN:10,(anonymous_3)
FNF:4
FNH:4
FNDA:4,(anonymous_0)
FNDA:2,(anonymous_1)
FNDA:2,(anonymous_2)
FNDA:2,(anonymous_3)
DA:5,4
DA:6,4
DA:7,2
DA:8,2
DA:10,1
DA:11,2
DA:12,2
DA:16,4
LF:8
LH:8
BRDA:6,0,0,1
BRDA:6,0,1,3
BRDA:6,1,0,4
BRDA:6,1,1,1
BRDA:17,2,0,4
BRDA:17,2,1,3
BRDA:24,3,0,4
BRDA:24,3,1,1
BRDA:25,4,0,4
BRDA:25,4,1,1
BRDA:27,5,0,4
BRDA:27,5,1,1
BRF:12
BRH:12
end_of_record
TN:
SF:/Users/joaosantos/workspace/preact-homepage-generator/src/components/home/skills.js
FN:6,(anonymous_0)
FN:7,(anonymous_1)
FN:8,(anonymous_2)
FN:27,(anonymous_3)
FN:35,(anonymous_4)
FNF:5
FNH:5
FNDA:12,(anonymous_0)
FNDA:57,(anonymous_1)
FNDA:3,(anonymous_2)
FNDA:7,(anonymous_3)
FNDA:16,(anonymous_4)
DA:7,57
DA:8,12
DA:10,12
DA:28,7
DA:35,16
LF:5
LH:5
BRDA:29,0,0,7
BRDA:29,0,1,6
BRDA:35,1,0,7
BRDA:35,1,1,4
BRF:4
BRH:4
end_of_record
